mode: set
github.com/ThinkportRepo/opentelemetry-solace-otlp/test/integration/consumer/main.go:17.13,21.20 3 0
github.com/ThinkportRepo/opentelemetry-solace-otlp/test/integration/consumer/main.go:21.20,23.3 1 0
github.com/ThinkportRepo/opentelemetry-solace-otlp/test/integration/consumer/main.go:24.2,29.22 6 0
github.com/ThinkportRepo/opentelemetry-solace-otlp/test/integration/consumer/main.go:29.22,31.3 1 0
github.com/ThinkportRepo/opentelemetry-solace-otlp/test/integration/consumer/main.go:33.2,53.16 9 0
github.com/ThinkportRepo/opentelemetry-solace-otlp/test/integration/consumer/main.go:53.16,55.3 1 0
github.com/ThinkportRepo/opentelemetry-solace-otlp/test/integration/consumer/main.go:57.2,57.42 1 0
github.com/ThinkportRepo/opentelemetry-solace-otlp/test/integration/consumer/main.go:57.42,59.3 1 0
github.com/ThinkportRepo/opentelemetry-solace-otlp/test/integration/consumer/main.go:60.2,64.16 4 0
github.com/ThinkportRepo/opentelemetry-solace-otlp/test/integration/consumer/main.go:64.16,66.3 1 0
github.com/ThinkportRepo/opentelemetry-solace-otlp/test/integration/consumer/main.go:68.2,68.41 1 0
github.com/ThinkportRepo/opentelemetry-solace-otlp/test/integration/consumer/main.go:68.41,70.3 1 0
github.com/ThinkportRepo/opentelemetry-solace-otlp/test/integration/consumer/main.go:71.2,76.12 4 0
github.com/ThinkportRepo/opentelemetry-solace-otlp/test/integration/consumer/main.go:76.12,82.3 5 0
github.com/ThinkportRepo/opentelemetry-solace-otlp/test/integration/consumer/main.go:84.2,84.6 1 0
github.com/ThinkportRepo/opentelemetry-solace-otlp/test/integration/consumer/main.go:84.6,86.17 2 0
github.com/ThinkportRepo/opentelemetry-solace-otlp/test/integration/consumer/main.go:86.17,88.12 2 0
github.com/ThinkportRepo/opentelemetry-solace-otlp/test/integration/consumer/main.go:90.3,90.17 1 0
github.com/ThinkportRepo/opentelemetry-solace-otlp/test/integration/consumer/main.go:90.17,93.44 3 0
github.com/ThinkportRepo/opentelemetry-solace-otlp/test/integration/consumer/main.go:93.44,95.5 1 0
github.com/ThinkportRepo/opentelemetry-solace-otlp/test/integration/consumer/main.go:96.9,98.4 1 0
